This file contains any messages produced by compilers while
running configure, to aid debugging if configure makes a mistake.

It was created by io_lib configure 1.12.5, which was
generated by GNU Autoconf 2.61.  Invocation command line was

  $ ./configure 

## --------- ##
## Platform. ##
## --------- ##

hostname = lenovo
uname -m = i686
uname -r = 2.6.32-33-generic
uname -s = Linux
uname -v = #70-Ubuntu SMP Thu Jul 7 21:09:46 UTC 2011

/usr/bin/uname -p = unknown
/bin/uname -X     = unknown

/bin/arch              = unknown
/usr/bin/arch -k       = unknown
/usr/convex/getsysinfo = unknown
/usr/bin/hostinfo      = unknown
/bin/machine           = unknown
/usr/bin/oslevel       = unknown
/bin/universe          = unknown

PATH: /usr/local/sbin
PATH: /usr/local/bin
PATH: /usr/sbin
PATH: /usr/bin
PATH: /sbin
PATH: /bin
PATH: /usr/games


## ----------- ##
## Core tests. ##
## ----------- ##

configure:1992: checking for a BSD-compatible install
configure:2048: result: /usr/bin/install -c
configure:2059: checking whether build environment is sane
configure:2102: result: yes
configure:2167: checking for gawk
configure:2183: found /usr/bin/gawk
configure:2194: result: gawk
configure:2205: checking whether make sets $(MAKE)
configure:2226: result: yes
configure:2410: checking whether to enable maintainer-specific portions of Makefiles
configure:2419: result: no
configure:2539: checking for gcc
configure:2555: found /usr/bin/gcc
configure:2566: result: gcc
configure:2804: checking for C compiler version
configure:2811: gcc --version >&5
gcc (Ubuntu 4.4.3-4ubuntu5) 4.4.3
Copyright (C) 2009 Free Software Foundation, Inc.
This is free software; see the source for copying conditions.  There is NO
warranty; not even for MERCHANTABILITY or FITNESS FOR A PARTICULAR PURPOSE.

configure:2814: $? = 0
configure:2821: gcc -v >&5
Using built-in specs.
Target: i486-linux-gnu
Configured with: ../src/configure -v --with-pkgversion='Ubuntu 4.4.3-4ubuntu5' --with-bugurl=file:///usr/share/doc/gcc-4.4/README.Bugs --enable-languages=c,c++,fortran,objc,obj-c++ --prefix=/usr --enable-shared --enable-multiarch --enable-linker-build-id --with-system-zlib --libexecdir=/usr/lib --without-included-gettext --enable-threads=posix --with-gxx-include-dir=/usr/include/c++/4.4 --program-suffix=-4.4 --enable-nls --enable-clocale=gnu --enable-libstdcxx-debug --enable-plugin --enable-objc-gc --enable-targets=all --disable-werror --with-arch-32=i486 --with-tune=generic --enable-checking=release --build=i486-linux-gnu --host=i486-linux-gnu --target=i486-linux-gnu
Thread model: posix
gcc version 4.4.3 (Ubuntu 4.4.3-4ubuntu5) 
configure:2824: $? = 0
configure:2831: gcc -V >&5
gcc: '-V' option must have argument
configure:2834: $? = 1
configure:2857: checking for C compiler default output file name
configure:2884: gcc    conftest.c  >&5
configure:2887: $? = 0
configure:2925: result: a.out
configure:2942: checking whether the C compiler works
configure:2952: ./a.out
configure:2955: $? = 0
configure:2972: result: yes
configure:2979: checking whether we are cross compiling
configure:2981: result: no
configure:2984: checking for suffix of executables
configure:2991: gcc -o conftest    conftest.c  >&5
configure:2994: $? = 0
configure:3018: result: 
configure:3024: checking for suffix of object files
configure:3050: gcc -c   conftest.c >&5
configure:3053: $? = 0
configure:3076: result: o
configure:3080: checking whether we are using the GNU C compiler
configure:3109: gcc -c   conftest.c >&5
configure:3115: $? = 0
configure:3132: result: yes
configure:3137: checking whether gcc accepts -g
configure:3167: gcc -c -g  conftest.c >&5
configure:3173: $? = 0
configure:3272: result: yes
configure:3289: checking for gcc option to accept ISO C89
configure:3363: gcc  -c -g -O2  conftest.c >&5
configure:3369: $? = 0
configure:3392: result: none needed
configure:3421: checking for style of include used by make
configure:3449: result: GNU
configure:3477: checking dependency style of gcc
configure:3567: result: gcc3
configure:3597: checking for a BSD-compatible install
configure:3653: result: /usr/bin/install -c
configure:3742: checking build system type
configure:3760: result: i686-pc-linux-gnu
configure:3782: checking host system type
configure:3797: result: i686-pc-linux-gnu
configure:3819: checking for a sed that does not truncate output
configure:3873: result: /bin/sed
configure:3876: checking for grep that handles long lines and -e
configure:3950: result: /bin/grep
configure:3955: checking for egrep
configure:4033: result: /bin/grep -E
configure:4049: checking for ld used by gcc
configure:4116: result: /usr/bin/ld
configure:4125: checking if the linker (/usr/bin/ld) is GNU ld
configure:4140: result: yes
configure:4145: checking for /usr/bin/ld option to reload object files
configure:4152: result: -r
configure:4170: checking for BSD-compatible nm
configure:4219: result: /usr/bin/nm -B
configure:4223: checking whether ln -s works
configure:4227: result: yes
configure:4234: checking how to recognise dependent libraries
configure:4410: result: pass_all
configure:4644: checking how to run the C preprocessor
configure:4684: gcc -E  conftest.c
configure:4690: $? = 0
configure:4721: gcc -E  conftest.c
conftest.c:10:28: error: ac_nonexistent.h: No such file or directory
configure:4727: $? = 1
configure: failed program was:
| /* confdefs.h.  */
| #define PACKAGE_NAME "io_lib"
| #define PACKAGE_TARNAME "io_lib"
| #define PACKAGE_VERSION "1.12.5"
| #define PACKAGE_STRING "io_lib 1.12.5"
| #define PACKAGE_BUGREPORT ""
| #define PACKAGE "io_lib"
| #define VERSION "1.12.5"
| /* end confdefs.h.  */
| #include <ac_nonexistent.h>
configure:4760: result: gcc -E
configure:4789: gcc -E  conftest.c
configure:4795: $? = 0
configure:4826: gcc -E  conftest.c
conftest.c:10:28: error: ac_nonexistent.h: No such file or directory
configure:4832: $? = 1
configure: failed program was:
| /* confdefs.h.  */
| #define PACKAGE_NAME "io_lib"
| #define PACKAGE_TARNAME "io_lib"
| #define PACKAGE_VERSION "1.12.5"
| #define PACKAGE_STRING "io_lib 1.12.5"
| #define PACKAGE_BUGREPORT ""
| #define PACKAGE "io_lib"
| #define VERSION "1.12.5"
| /* end confdefs.h.  */
| #include <ac_nonexistent.h>
configure:4870: checking for ANSI C header files
configure:4900: gcc -c -g -O2  conftest.c >&5
configure:4906: $? = 0
configure:5005: gcc -o conftest -g -O2   conftest.c  >&5
configure:5008: $? = 0
configure:5014: ./conftest
configure:5017: $? = 0
configure:5034: result: yes
configure:5058: checking for sys/types.h
configure:5079: gcc -c -g -O2  conftest.c >&5
configure:5085: $? = 0
configure:5101: result: yes
configure:5058: checking for sys/stat.h
configure:5079: gcc -c -g -O2  conftest.c >&5
configure:5085: $? = 0
configure:5101: result: yes
configure:5058: checking for stdlib.h
configure:5079: gcc -c -g -O2  conftest.c >&5
configure:5085: $? = 0
configure:5101: result: yes
configure:5058: checking for string.h
configure:5079: gcc -c -g -O2  conftest.c >&5
configure:5085: $? = 0
configure:5101: result: yes
configure:5058: checking for memory.h
configure:5079: gcc -c -g -O2  conftest.c >&5
configure:5085: $? = 0
configure:5101: result: yes
configure:5058: checking for strings.h
configure:5079: gcc -c -g -O2  conftest.c >&5
configure:5085: $? = 0
configure:5101: result: yes
configure:5058: checking for inttypes.h
configure:5079: gcc -c -g -O2  conftest.c >&5
configure:5085: $? = 0
configure:5101: result: yes
configure:5058: checking for stdint.h
configure:5079: gcc -c -g -O2  conftest.c >&5
configure:5085: $? = 0
configure:5101: result: yes
configure:5058: checking for unistd.h
configure:5079: gcc -c -g -O2  conftest.c >&5
configure:5085: $? = 0
configure:5101: result: yes
configure:5128: checking dlfcn.h usability
configure:5145: gcc -c -g -O2  conftest.c >&5
configure:5151: $? = 0
configure:5165: result: yes
configure:5169: checking dlfcn.h presence
configure:5184: gcc -E  conftest.c
configure:5190: $? = 0
configure:5204: result: yes
configure:5232: checking for dlfcn.h
configure:5240: result: yes
configure:5311: checking for g++
configure:5327: found /usr/bin/g++
configure:5338: result: g++
configure:5369: checking for C++ compiler version
configure:5376: g++ --version >&5
g++ (Ubuntu 4.4.3-4ubuntu5) 4.4.3
Copyright (C) 2009 Free Software Foundation, Inc.
This is free software; see the source for copying conditions.  There is NO
warranty; not even for MERCHANTABILITY or FITNESS FOR A PARTICULAR PURPOSE.

configure:5379: $? = 0
configure:5386: g++ -v >&5
Using built-in specs.
Target: i486-linux-gnu
Configured with: ../src/configure -v --with-pkgversion='Ubuntu 4.4.3-4ubuntu5' --with-bugurl=file:///usr/share/doc/gcc-4.4/README.Bugs --enable-languages=c,c++,fortran,objc,obj-c++ --prefix=/usr --enable-shared --enable-multiarch --enable-linker-build-id --with-system-zlib --libexecdir=/usr/lib --without-included-gettext --enable-threads=posix --with-gxx-include-dir=/usr/include/c++/4.4 --program-suffix=-4.4 --enable-nls --enable-clocale=gnu --enable-libstdcxx-debug --enable-plugin --enable-objc-gc --enable-targets=all --disable-werror --with-arch-32=i486 --with-tune=generic --enable-checking=release --build=i486-linux-gnu --host=i486-linux-gnu --target=i486-linux-gnu
Thread model: posix
gcc version 4.4.3 (Ubuntu 4.4.3-4ubuntu5) 
configure:5389: $? = 0
configure:5396: g++ -V >&5
g++: '-V' option must have argument
configure:5399: $? = 1
configure:5402: checking whether we are using the GNU C++ compiler
configure:5431: g++ -c   conftest.cpp >&5
configure:5437: $? = 0
configure:5454: result: yes
configure:5459: checking whether g++ accepts -g
configure:5489: g++ -c -g  conftest.cpp >&5
configure:5495: $? = 0
configure:5594: result: yes
configure:5619: checking dependency style of g++
configure:5709: result: gcc3
configure:5736: checking how to run the C++ preprocessor
configure:5772: g++ -E  conftest.cpp
configure:5778: $? = 0
configure:5809: g++ -E  conftest.cpp
conftest.cpp:21:28: error: ac_nonexistent.h: No such file or directory
configure:5815: $? = 1
configure: failed program was:
| /* confdefs.h.  */
| #define PACKAGE_NAME "io_lib"
| #define PACKAGE_TARNAME "io_lib"
| #define PACKAGE_VERSION "1.12.5"
| #define PACKAGE_STRING "io_lib 1.12.5"
| #define PACKAGE_BUGREPORT ""
| #define PACKAGE "io_lib"
| #define VERSION "1.12.5"
| #define STDC_HEADERS 1
| #define HAVE_SYS_TYPES_H 1
| #define HAVE_SYS_STAT_H 1
| #define HAVE_STDLIB_H 1
| #define HAVE_STRING_H 1
| #define HAVE_MEMORY_H 1
| #define HAVE_STRINGS_H 1
| #define HAVE_INTTYPES_H 1
| #define HAVE_STDINT_H 1
| #define HAVE_UNISTD_H 1
| #define HAVE_DLFCN_H 1
| /* end confdefs.h.  */
| #include <ac_nonexistent.h>
configure:5848: result: g++ -E
configure:5877: g++ -E  conftest.cpp
configure:5883: $? = 0
configure:5914: g++ -E  conftest.cpp
conftest.cpp:21:28: error: ac_nonexistent.h: No such file or directory
configure:5920: $? = 1
configure: failed program was:
| /* confdefs.h.  */
| #define PACKAGE_NAME "io_lib"
| #define PACKAGE_TARNAME "io_lib"
| #define PACKAGE_VERSION "1.12.5"
| #define PACKAGE_STRING "io_lib 1.12.5"
| #define PACKAGE_BUGREPORT ""
| #define PACKAGE "io_lib"
| #define VERSION "1.12.5"
| #define STDC_HEADERS 1
| #define HAVE_SYS_TYPES_H 1
| #define HAVE_SYS_STAT_H 1
| #define HAVE_STDLIB_H 1
| #define HAVE_STRING_H 1
| #define HAVE_MEMORY_H 1
| #define HAVE_STRINGS_H 1
| #define HAVE_INTTYPES_H 1
| #define HAVE_STDINT_H 1
| #define HAVE_UNISTD_H 1
| #define HAVE_DLFCN_H 1
| /* end confdefs.h.  */
| #include <ac_nonexistent.h>
configure:6013: checking for g77
configure:6043: result: no
configure:6013: checking for xlf
configure:6043: result: no
configure:6013: checking for f77
configure:6043: result: no
configure:6013: checking for frt
configure:6043: result: no
configure:6013: checking for pgf77
configure:6043: result: no
configure:6013: checking for cf77
configure:6043: result: no
configure:6013: checking for fort77
configure:6043: result: no
configure:6013: checking for fl32
configure:6043: result: no
configure:6013: checking for af77
configure:6043: result: no
configure:6013: checking for xlf90
configure:6043: result: no
configure:6013: checking for f90
configure:6043: result: no
configure:6013: checking for pgf90
configure:6043: result: no
configure:6013: checking for pghpf
configure:6043: result: no
configure:6013: checking for epcf90
configure:6043: result: no
configure:6013: checking for gfortran
configure:6043: result: no
configure:6013: checking for g95
configure:6043: result: no
configure:6013: checking for xlf95
configure:6043: result: no
configure:6013: checking for f95
configure:6043: result: no
configure:6013: checking for fort
configure:6043: result: no
configure:6013: checking for ifort
configure:6043: result: no
configure:6013: checking for ifc
configure:6043: result: no
configure:6013: checking for efc
configure:6043: result: no
configure:6013: checking for pgf95
configure:6043: result: no
configure:6013: checking for lf95
configure:6043: result: no
configure:6013: checking for ftn
configure:6043: result: no
configure:6070: checking for Fortran 77 compiler version
configure:6077:  --version >&5
./configure: line 6078: --version: command not found
configure:6080: $? = 127
configure:6087:  -v >&5
./configure: line 6088: -v: command not found
configure:6090: $? = 127
configure:6097:  -V >&5
./configure: line 6098: -V: command not found
configure:6100: $? = 127
configure:6108: checking whether we are using the GNU Fortran 77 compiler
configure:6127:  -c  conftest.F >&5
./configure: line 6128: -c: command not found
configure:6133: $? = 127
configure: failed program was:
|       program main
| #ifndef __GNUC__
|        choke me
| #endif
| 
|       end
configure:6150: result: no
configure:6156: checking whether  accepts -g
configure:6173:  -c -g conftest.f >&5
./configure: line 6174: -c: command not found
configure:6179: $? = 127
configure: failed program was:
|       program main
| 
|       end
configure:6195: result: no
configure:6225: checking the maximum length of command line arguments
configure:6334: result: 32768
configure:6345: checking command to parse /usr/bin/nm -B output from gcc object
configure:6450: gcc -c -g -O2  conftest.c >&5
configure:6453: $? = 0
configure:6457: /usr/bin/nm -B conftest.o \| sed -n -e 's/^.*[ 	]\([ABCDGIRSTW][ABCDGIRSTW]*\)[ 	][ 	]*\([_A-Za-z][_A-Za-z0-9]*\)$/\1 \2 \2/p' \> conftest.nm
configure:6460: $? = 0
configure:6512: gcc -o conftest -g -O2   conftest.c conftstm.o >&5
configure:6515: $? = 0
configure:6553: result: ok
configure:6557: checking for objdir
configure:6572: result: .libs
configure:6664: checking for ar
configure:6680: found /usr/bin/ar
configure:6691: result: ar
configure:6760: checking for ranlib
configure:6776: found /usr/bin/ranlib
configure:6787: result: ranlib
configure:6856: checking for strip
configure:6872: found /usr/bin/strip
configure:6883: result: strip
configure:7169: checking if gcc supports -fno-rtti -fno-exceptions
configure:7187: gcc -c -g -O2  -fno-rtti -fno-exceptions conftest.c >&5
cc1: warning: command line option "-fno-rtti" is valid for C++/ObjC++ but not for C
configure:7191: $? = 0
configure:7204: result: no
configure:7219: checking for gcc option to produce PIC
configure:7429: result: -fPIC
configure:7437: checking if gcc PIC flag -fPIC works
configure:7455: gcc -c -g -O2  -fPIC -DPIC conftest.c >&5
configure:7459: $? = 0
configure:7472: result: yes
configure:7500: checking if gcc static flag -static works
configure:7528: result: yes
configure:7538: checking if gcc supports -c -o file.o
configure:7559: gcc -c -g -O2  -o out/conftest2.o conftest.c >&5
configure:7563: $? = 0
configure:7585: result: yes
configure:7611: checking whether the gcc linker (/usr/bin/ld) supports shared libraries
configure:8566: result: yes
configure:8587: checking whether -lc should be explicitly linked in
configure:8592: gcc -c -g -O2  conftest.c >&5
configure:8595: $? = 0
configure:8610: gcc -shared conftest.o  -v -Wl,-soname -Wl,conftest -o conftest 2\>\&1 \| grep  -lc  \>/dev/null 2\>\&1
configure:8613: $? = 0
configure:8625: result: no
configure:8633: checking dynamic linker characteristics
configure:9209: result: GNU/Linux ld.so
configure:9218: checking how to hardcode library paths into programs
configure:9243: result: immediate
configure:9257: checking whether stripping libraries is possible
configure:9262: result: yes
configure:10063: checking if libtool supports shared libraries
configure:10065: result: yes
configure:10068: checking whether to build shared libraries
configure:10089: result: yes
configure:10092: checking whether to build static libraries
configure:10096: result: yes
configure:10188: creating libtool
configure:10776: checking for ld used by g++
configure:10843: result: /usr/bin/ld
configure:10852: checking if the linker (/usr/bin/ld) is GNU ld
configure:10867: result: yes
configure:10918: checking whether the g++ linker (/usr/bin/ld) supports shared libraries
configure:11852: result: yes
configure:11870: g++ -c -g -O2  conftest.cpp >&5
configure:11873: $? = 0
configure:11992: checking for g++ option to produce PIC
configure:12266: result: -fPIC
configure:12274: checking if g++ PIC flag -fPIC works
configure:12292: g++ -c -g -O2  -fPIC -DPIC conftest.cpp >&5
configure:12296: $? = 0
configure:12309: result: yes
configure:12337: checking if g++ static flag -static works
configure:12365: result: yes
configure:12375: checking if g++ supports -c -o file.o
configure:12396: g++ -c -g -O2  -o out/conftest2.o conftest.cpp >&5
configure:12400: $? = 0
configure:12422: result: yes
configure:12448: checking whether the g++ linker (/usr/bin/ld) supports shared libraries
configure:12476: result: yes
configure:12543: checking dynamic linker characteristics
configure:13119: result: GNU/Linux ld.so
configure:13128: checking how to hardcode library paths into programs
configure:13153: result: immediate
configure:19278: result: Fixing libtool for -rpath problems.
configure:19339: checking for gawk
configure:19366: result: gawk
configure:19428: checking for curl-config
configure:19461: result: no
configure:19620: checking whether libcurl is usable
configure:19663: gcc -o conftest -g -O2    conftest.c  -lcurl  >&5
conftest.c:21:23: error: curl/curl.h: No such file or directory
conftest.c: In function 'main':
conftest.c:29: error: 'NULL' undeclared (first use in this function)
conftest.c:29: error: (Each undeclared identifier is reported only once
conftest.c:29: error: for each function it appears in.)
conftest.c:29: error: 'CURLOPT_URL' undeclared (first use in this function)
conftest.c:30: error: 'CURL_ERROR_SIZE' undeclared (first use in this function)
conftest.c:31: error: 'CURLOPT_WRITEFUNCTION' undeclared (first use in this function)
conftest.c:32: error: 'CURLOPT_FILE' undeclared (first use in this function)
conftest.c:33: error: 'CURLOPT_ERRORBUFFER' undeclared (first use in this function)
conftest.c:34: error: 'CURLOPT_STDERR' undeclared (first use in this function)
conftest.c:35: error: 'CURLOPT_VERBOSE' undeclared (first use in this function)
configure:19669: $? = 1
configure: failed program was:
| /* confdefs.h.  */
| #define PACKAGE_NAME "io_lib"
| #define PACKAGE_TARNAME "io_lib"
| #define PACKAGE_VERSION "1.12.5"
| #define PACKAGE_STRING "io_lib 1.12.5"
| #define PACKAGE_BUGREPORT ""
| #define PACKAGE "io_lib"
| #define VERSION "1.12.5"
| #define STDC_HEADERS 1
| #define HAVE_SYS_TYPES_H 1
| #define HAVE_SYS_STAT_H 1
| #define HAVE_STDLIB_H 1
| #define HAVE_STRING_H 1
| #define HAVE_MEMORY_H 1
| #define HAVE_STRINGS_H 1
| #define HAVE_INTTYPES_H 1
| #define HAVE_STDINT_H 1
| #define HAVE_UNISTD_H 1
| #define HAVE_DLFCN_H 1
| /* end confdefs.h.  */
| #include <curl/curl.h>
| int
| main ()
| {
| 
| /* Try and use a few common options to force a failure if we are
|    missing symbols or can't link. */
| int x;
| curl_easy_setopt(NULL,CURLOPT_URL,NULL);
| x=CURL_ERROR_SIZE;
| x=CURLOPT_WRITEFUNCTION;
| x=CURLOPT_FILE;
| x=CURLOPT_ERRORBUFFER;
| x=CURLOPT_STDERR;
| x=CURLOPT_VERBOSE;
| 
|   ;
|   return 0;
| }
configure:19692: result: no
configure:20116: checking for inflateEnd in -lz
configure:20151: gcc -o conftest -g -O2   conftest.c -lz   >&5
configure:20157: $? = 0
configure:20175: result: yes
configure:20188: checking zlib.h usability
configure:20205: gcc -c -g -O2  conftest.c >&5
configure:20211: $? = 0
configure:20225: result: yes
configure:20229: checking zlib.h presence
configure:20244: gcc -E  conftest.c
configure:20250: $? = 0
configure:20264: result: yes
configure:20292: checking for zlib.h
configure:20299: result: yes
configure:20348: checking for library containing gethostbyname
configure:20389: gcc -o conftest -g -O2   conftest.c  >&5
configure:20395: $? = 0
configure:20423: result: none required
configure:20431: checking for library containing socket
configure:20472: gcc -o conftest -g -O2   conftest.c  >&5
configure:20478: $? = 0
configure:20506: result: none required
configure:20581: checking whether byte ordering is bigendian
configure:20614: gcc -c -g -O2  conftest.c >&5
configure:20620: $? = 0
configure:20652: gcc -c -g -O2  conftest.c >&5
conftest.c: In function 'main':
conftest.c:29: error: 'not' undeclared (first use in this function)
conftest.c:29: error: (Each undeclared identifier is reported only once
conftest.c:29: error: for each function it appears in.)
conftest.c:29: error: expected ';' before 'big'
configure:20658: $? = 1
configure: failed program was:
| /* confdefs.h.  */
| #define PACKAGE_NAME "io_lib"
| #define PACKAGE_TARNAME "io_lib"
| #define PACKAGE_VERSION "1.12.5"
| #define PACKAGE_STRING "io_lib 1.12.5"
| #define PACKAGE_BUGREPORT ""
| #define PACKAGE "io_lib"
| #define VERSION "1.12.5"
| #define STDC_HEADERS 1
| #define HAVE_SYS_TYPES_H 1
| #define HAVE_SYS_STAT_H 1
| #define HAVE_STDLIB_H 1
| #define HAVE_STRING_H 1
| #define HAVE_MEMORY_H 1
| #define HAVE_STRINGS_H 1
| #define HAVE_INTTYPES_H 1
| #define HAVE_STDINT_H 1
| #define HAVE_UNISTD_H 1
| #define HAVE_DLFCN_H 1
| #define HAVE_ZLIB 1
| /* end confdefs.h.  */
| #include <sys/types.h>
| #include <sys/param.h>
| 
| int
| main ()
| {
| #if BYTE_ORDER != BIG_ENDIAN
|  not big endian
| #endif
| 
|   ;
|   return 0;
| }
configure:20798: result: no
configure:20845: gcc -o conftest -g -O2   conftest.c  >&5
configure:20851: $? = 0
configure:20878: checking for ANSI C header files
configure:21042: result: yes
configure:21052: checking for sys/wait.h that is POSIX.1 compatible
configure:21088: gcc -c -g -O2  conftest.c >&5
configure:21094: $? = 0
configure:21109: result: yes
configure:21136: checking fcntl.h usability
configure:21153: gcc -c -g -O2  conftest.c >&5
configure:21159: $? = 0
configure:21173: result: yes
configure:21177: checking fcntl.h presence
configure:21192: gcc -E  conftest.c
configure:21198: $? = 0
configure:21212: result: yes
configure:21240: checking for fcntl.h
configure:21248: result: yes
configure:21136: checking limits.h usability
configure:21153: gcc -c -g -O2  conftest.c >&5
configure:21159: $? = 0
configure:21173: result: yes
configure:21177: checking limits.h presence
configure:21192: gcc -E  conftest.c
configure:21198: $? = 0
configure:21212: result: yes
configure:21240: checking for limits.h
configure:21248: result: yes
configure:21126: checking for unistd.h
configure:21132: result: yes
configure:21262: checking for zlib.h
configure:21267: result: yes
configure:21389: checking whether byte ordering is bigendian
configure:21606: result: no
configure:21625: checking for short
configure:21655: gcc -c -g -O2  conftest.c >&5
configure:21661: $? = 0
configure:21676: result: yes
configure:21683: checking size of short
configure:21985: gcc -o conftest -g -O2   conftest.c  >&5
configure:21988: $? = 0
configure:21994: ./conftest
configure:21997: $? = 0
configure:22020: result: 2
configure:22030: checking for int
configure:22060: gcc -c -g -O2  conftest.c >&5
configure:22066: $? = 0
configure:22081: result: yes
configure:22088: checking size of int
configure:22390: gcc -o conftest -g -O2   conftest.c  >&5
configure:22393: $? = 0
configure:22399: ./conftest
configure:22402: $? = 0
configure:22425: result: 4
configure:22435: checking for long
configure:22465: gcc -c -g -O2  conftest.c >&5
configure:22471: $? = 0
configure:22486: result: yes
configure:22493: checking size of long
configure:22795: gcc -o conftest -g -O2   conftest.c  >&5
configure:22798: $? = 0
configure:22804: ./conftest
configure:22807: $? = 0
configure:22830: result: 4
configure:22840: checking for inline
configure:22866: gcc -c -g -O2  conftest.c >&5
configure:22872: $? = 0
configure:22890: result: inline
configure:22909: checking for mode_t
configure:22939: gcc -c -g -O2  conftest.c >&5
configure:22945: $? = 0
configure:22960: result: yes
configure:22980: checking for special C compiler options needed for large files
configure:23073: result: no
configure:23079: checking for _FILE_OFFSET_BITS value needed for large files
configure:23114: gcc -c -g -O2  conftest.c >&5
conftest.c:37: warning: left shift count >= width of type
conftest.c:37: warning: left shift count >= width of type
conftest.c:39: error: size of array 'off_t_is_large' is negative
configure:23120: $? = 1
configure: failed program was:
| /* confdefs.h.  */
| #define PACKAGE_NAME "io_lib"
| #define PACKAGE_TARNAME "io_lib"
| #define PACKAGE_VERSION "1.12.5"
| #define PACKAGE_STRING "io_lib 1.12.5"
| #define PACKAGE_BUGREPORT ""
| #define PACKAGE "io_lib"
| #define VERSION "1.12.5"
| #define STDC_HEADERS 1
| #define HAVE_SYS_TYPES_H 1
| #define HAVE_SYS_STAT_H 1
| #define HAVE_STDLIB_H 1
| #define HAVE_STRING_H 1
| #define HAVE_MEMORY_H 1
| #define HAVE_STRINGS_H 1
| #define HAVE_INTTYPES_H 1
| #define HAVE_STDINT_H 1
| #define HAVE_UNISTD_H 1
| #define HAVE_DLFCN_H 1
| #define HAVE_ZLIB 1
| #define HAVE_VA_COPY 1
| #define STDC_HEADERS 1
| #define HAVE_SYS_WAIT_H 1
| #define HAVE_FCNTL_H 1
| #define HAVE_LIMITS_H 1
| #define HAVE_UNISTD_H 1
| #define SIZEOF_SHORT 2
| #define SIZEOF_INT 4
| #define SIZEOF_LONG 4
| /* end confdefs.h.  */
| #include <sys/types.h>
|  /* Check that off_t can represent 2**63 - 1 correctly.
|     We can't simply define LARGE_OFF_T to be 9223372036854775807,
|     since some C++ compilers masquerading as C compilers
|     incorrectly reject 9223372036854775807.  */
| #define LARGE_OFF_T (((off_t) 1 << 62) - 1 + ((off_t) 1 << 62))
|   int off_t_is_large[(LARGE_OFF_T % 2147483629 == 721
| 		       && LARGE_OFF_T % 2147483647 == 1)
| 		      ? 1 : -1];
| int
| main ()
| {
| 
|   ;
|   return 0;
| }
configure:23164: gcc -c -g -O2  conftest.c >&5
configure:23170: $? = 0
configure:23188: result: 64
configure:23323: checking for _LARGEFILE_SOURCE value needed for large files
configure:23352: gcc -o conftest -g -O2   conftest.c  >&5
configure:23358: $? = 0
configure:23424: result: no
configure:23448: checking for library containing cos
configure:23489: gcc -o conftest -g -O2   conftest.c  >&5
conftest.c:40: warning: conflicting types for built-in function 'cos'
/tmp/ccMbP5Si.o: In function `main':
/home/mariya/algorithmic-biology/assembler/src/libs/io_lib-1.12.5/conftest.c:44: undefined reference to `cos'
collect2: ld returned 1 exit status
configure:23495: $? = 1
configure: failed program was:
| /* confdefs.h.  */
| #define PACKAGE_NAME "io_lib"
| #define PACKAGE_TARNAME "io_lib"
| #define PACKAGE_VERSION "1.12.5"
| #define PACKAGE_STRING "io_lib 1.12.5"
| #define PACKAGE_BUGREPORT ""
| #define PACKAGE "io_lib"
| #define VERSION "1.12.5"
| #define STDC_HEADERS 1
| #define HAVE_SYS_TYPES_H 1
| #define HAVE_SYS_STAT_H 1
| #define HAVE_STDLIB_H 1
| #define HAVE_STRING_H 1
| #define HAVE_MEMORY_H 1
| #define HAVE_STRINGS_H 1
| #define HAVE_INTTYPES_H 1
| #define HAVE_STDINT_H 1
| #define HAVE_UNISTD_H 1
| #define HAVE_DLFCN_H 1
| #define HAVE_ZLIB 1
| #define HAVE_VA_COPY 1
| #define STDC_HEADERS 1
| #define HAVE_SYS_WAIT_H 1
| #define HAVE_FCNTL_H 1
| #define HAVE_LIMITS_H 1
| #define HAVE_UNISTD_H 1
| #define SIZEOF_SHORT 2
| #define SIZEOF_INT 4
| #define SIZEOF_LONG 4
| #define _FILE_OFFSET_BITS 64
| #define HAVE_FSEEKO 1
| /* end confdefs.h.  */
| 
| /* Override any GCC internal prototype to avoid an error.
|    Use char because int might match the return type of a GCC
|    builtin and then its argument prototype would still apply.  */
| #ifdef __cplusplus
| extern "C"
| #endif
| char cos ();
| int
| main ()
| {
| return cos ();
|   ;
|   return 0;
| }
configure:23489: gcc -o conftest -g -O2   conftest.c -lm   >&5
conftest.c:40: warning: conflicting types for built-in function 'cos'
configure:23495: $? = 0
configure:23523: result: -lm
configure:23535: checking for strdup
configure:23591: gcc -o conftest -g -O2   conftest.c -lm  >&5
conftest.c:56: warning: conflicting types for built-in function 'strdup'
configure:23597: $? = 0
configure:23615: result: yes
configure:23763: creating ./config.status

## ---------------------- ##
## Running config.status. ##
## ---------------------- ##

This file was extended by io_lib config.status 1.12.5, which was
generated by GNU Autoconf 2.61.  Invocation command line was

  CONFIG_FILES    = 
  CONFIG_HEADERS  = 
  CONFIG_LINKS    = 
  CONFIG_COMMANDS = 
  $ ./config.status 

on lenovo

config.status:677: creating Makefile
config.status:677: creating io_lib/Makefile
config.status:677: creating progs/Makefile
config.status:677: creating tests/Makefile
config.status:677: creating io_lib-config
config.status:677: creating io_lib/os.h
config.status:677: creating io_lib_config.h
config.status:911: io_lib_config.h is unchanged
config.status:957: executing depfiles commands

## ---------------- ##
## Cache variables. ##
## ---------------- ##

ac_cv_build=i686-pc-linux-gnu
ac_cv_c_bigendian=no
ac_cv_c_compiler_gnu=yes
ac_cv_c_inline=inline
ac_cv_cxx_compiler_gnu=yes
ac_cv_env_CCC_set=
ac_cv_env_CCC_value=
ac_cv_env_CC_set=
ac_cv_env_CC_value=
ac_cv_env_CFLAGS_set=
ac_cv_env_CFLAGS_value=
ac_cv_env_CPPFLAGS_set=
ac_cv_env_CPPFLAGS_value=
ac_cv_env_CPP_set=
ac_cv_env_CPP_value=
ac_cv_env_CXXCPP_set=
ac_cv_env_CXXCPP_value=
ac_cv_env_CXXFLAGS_set=
ac_cv_env_CXXFLAGS_value=
ac_cv_env_CXX_set=
ac_cv_env_CXX_value=
ac_cv_env_F77_set=
ac_cv_env_F77_value=
ac_cv_env_FFLAGS_set=
ac_cv_env_FFLAGS_value=
ac_cv_env_LDFLAGS_set=
ac_cv_env_LDFLAGS_value=
ac_cv_env_LIBS_set=
ac_cv_env_LIBS_value=
ac_cv_env_build_alias_set=
ac_cv_env_build_alias_value=
ac_cv_env_host_alias_set=
ac_cv_env_host_alias_value=
ac_cv_env_target_alias_set=
ac_cv_env_target_alias_value=
ac_cv_f77_compiler_gnu=no
ac_cv_func_strdup=yes
ac_cv_header_dlfcn_h=yes
ac_cv_header_fcntl_h=yes
ac_cv_header_inttypes_h=yes
ac_cv_header_limits_h=yes
ac_cv_header_memory_h=yes
ac_cv_header_stdc=yes
ac_cv_header_stdint_h=yes
ac_cv_header_stdlib_h=yes
ac_cv_header_string_h=yes
ac_cv_header_strings_h=yes
ac_cv_header_sys_stat_h=yes
ac_cv_header_sys_types_h=yes
ac_cv_header_sys_wait_h=yes
ac_cv_header_unistd_h=yes
ac_cv_header_zlib_h=yes
ac_cv_host=i686-pc-linux-gnu
ac_cv_lib_z_inflateEnd=yes
ac_cv_objext=o
ac_cv_path_EGREP='/bin/grep -E'
ac_cv_path_GREP=/bin/grep
ac_cv_path_install='/usr/bin/install -c'
ac_cv_prog_AWK=gawk
ac_cv_prog_CPP='gcc -E'
ac_cv_prog_CXXCPP='g++ -E'
ac_cv_prog_ac_ct_AR=ar
ac_cv_prog_ac_ct_CC=gcc
ac_cv_prog_ac_ct_CXX=g++
ac_cv_prog_ac_ct_RANLIB=ranlib
ac_cv_prog_ac_ct_STRIP=strip
ac_cv_prog_cc_c89=
ac_cv_prog_cc_g=yes
ac_cv_prog_cxx_g=yes
ac_cv_prog_f77_g=no
ac_cv_prog_make_make_set=yes
ac_cv_search_cos=-lm
ac_cv_search_gethostbyname='none required'
ac_cv_search_socket='none required'
ac_cv_sizeof_int=4
ac_cv_sizeof_long=4
ac_cv_sizeof_short=2
ac_cv_sys_file_offset_bits=64
ac_cv_sys_largefile_CC=no
ac_cv_sys_largefile_source=no
ac_cv_type_int=yes
ac_cv_type_long=yes
ac_cv_type_mode_t=yes
ac_cv_type_short=yes
am_cv_CC_dependencies_compiler_type=gcc3
am_cv_CXX_dependencies_compiler_type=gcc3
libcurl_cv_lib_curl_usable=no
lt_cv_deplibs_check_method=pass_all
lt_cv_file_magic_cmd='$MAGIC_CMD'
lt_cv_file_magic_test_file=
lt_cv_ld_reload_flag=-r
lt_cv_objdir=.libs
lt_cv_path_LD=/usr/bin/ld
lt_cv_path_LDCXX=/usr/bin/ld
lt_cv_path_NM='/usr/bin/nm -B'
lt_cv_path_SED=/bin/sed
lt_cv_prog_compiler_c_o=yes
lt_cv_prog_compiler_c_o_CXX=yes
lt_cv_prog_compiler_rtti_exceptions=no
lt_cv_prog_gnu_ld=yes
lt_cv_prog_gnu_ldcxx=yes
lt_cv_sys_global_symbol_pipe='sed -n -e '\''s/^.*[ 	]\([ABCDGIRSTW][ABCDGIRSTW]*\)[ 	][ 	]*\([_A-Za-z][_A-Za-z0-9]*\)$/\1 \2 \2/p'\'''
lt_cv_sys_global_symbol_to_c_name_address='sed -n -e '\''s/^: \([^ ]*\) $/  {\"\1\", (lt_ptr) 0},/p'\'' -e '\''s/^[BCDEGRST] \([^ ]*\) \([^ ]*\)$/  {"\2", (lt_ptr) \&\2},/p'\'''
lt_cv_sys_global_symbol_to_cdecl='sed -n -e '\''s/^. .* \(.*\)$/extern int \1;/p'\'''
lt_cv_sys_max_cmd_len=32768
lt_lt_cv_prog_compiler_c_o='"yes"'
lt_lt_cv_prog_compiler_c_o_CXX='"yes"'
lt_lt_cv_sys_global_symbol_pipe='"sed -n -e '\''s/^.*[ 	]\\([ABCDGIRSTW][ABCDGIRSTW]*\\)[ 	][ 	]*\\([_A-Za-z][_A-Za-z0-9]*\\)\$/\\1 \\2 \\2/p'\''"'
lt_lt_cv_sys_global_symbol_to_c_name_address='"sed -n -e '\''s/^: \\([^ ]*\\) \$/  {\\\"\\1\\\", (lt_ptr) 0},/p'\'' -e '\''s/^[BCDEGRST] \\([^ ]*\\) \\([^ ]*\\)\$/  {\"\\2\", (lt_ptr) \\&\\2},/p'\''"'
lt_lt_cv_sys_global_symbol_to_cdecl='"sed -n -e '\''s/^. .* \\(.*\\)\$/extern int \\1;/p'\''"'

## ----------------- ##
## Output variables. ##
## ----------------- ##

ACLOCAL='${SHELL} /home/mariya/algorithmic-biology/assembler/src/libs/io_lib-1.12.5/missing --run aclocal-1.9'
AMDEPBACKSLASH='\'
AMDEP_FALSE='#'
AMDEP_TRUE=''
AMTAR='${SHELL} /home/mariya/algorithmic-biology/assembler/src/libs/io_lib-1.12.5/missing --run tar'
AR='ar'
AUTOCONF='${SHELL} /home/mariya/algorithmic-biology/assembler/src/libs/io_lib-1.12.5/missing --run autoconf'
AUTOHEADER='${SHELL} /home/mariya/algorithmic-biology/assembler/src/libs/io_lib-1.12.5/missing --run autoheader'
AUTOMAKE='${SHELL} /home/mariya/algorithmic-biology/assembler/src/libs/io_lib-1.12.5/missing --run automake-1.9'
AWK='gawk'
CC='gcc'
CCDEPMODE='depmode=gcc3'
CFLAGS='-g -O2'
CPP='gcc -E'
CPPFLAGS=''
CXX='g++'
CXXCPP='g++ -E'
CXXDEPMODE='depmode=gcc3'
CXXFLAGS='-g -O2'
CYGPATH_W='echo'
DEFS='-DHAVE_CONFIG_H'
DEPDIR='.deps'
ECHO='echo'
ECHO_C=''
ECHO_N='-n'
ECHO_T=''
EGREP='/bin/grep -E'
EXEEXT=''
F77=''
FFLAGS=''
GREP='/bin/grep'
HAVE_ZLIB_FALSE='#'
HAVE_ZLIB_TRUE=''
INSTALL_DATA='${INSTALL} -m 644'
INSTALL_PROGRAM='${INSTALL}'
INSTALL_SCRIPT='${INSTALL}'
INSTALL_STRIP_PROGRAM='${SHELL} $(install_sh) -c -s'
LDFLAGS=''
LIBCURL=''
LIBCURL_CPPFLAGS=''
LIBOBJS=''
LIBS='-lm '
LIBTOOL='$(SHELL) $(top_builddir)/libtool'
LIBZ='-lz'
LN_S='ln -s'
LTLIBOBJS=''
MAINT='#'
MAINTAINER_MODE_FALSE=''
MAINTAINER_MODE_TRUE='#'
MAKEINFO='${SHELL} /home/mariya/algorithmic-biology/assembler/src/libs/io_lib-1.12.5/missing --run makeinfo'
OBJEXT='o'
PACKAGE='io_lib'
PACKAGE_BUGREPORT=''
PACKAGE_NAME='io_lib'
PACKAGE_STRING='io_lib 1.12.5'
PACKAGE_TARNAME='io_lib'
PACKAGE_VERSION='1.12.5'
PATH_SEPARATOR=':'
RANLIB='ranlib'
SET_ENDIAN='#define SP_LITTLE_ENDIAN'
SET_MAKE=''
SHELL='/bin/bash'
STRIP='strip'
VERSION='1.12.5'
VERS_AGE='1'
VERS_CURRENT='2'
VERS_REVISION='3'
_libcurl_config=''
ac_ct_CC='gcc'
ac_ct_CXX='g++'
ac_ct_F77=''
am__fastdepCC_FALSE='#'
am__fastdepCC_TRUE=''
am__fastdepCXX_FALSE='#'
am__fastdepCXX_TRUE=''
am__include='include'
am__leading_dot='.'
am__quote=''
am__tar='${AMTAR} chof - "$$tardir"'
am__untar='${AMTAR} xf -'
bindir='${exec_prefix}/bin'
build='i686-pc-linux-gnu'
build_alias=''
build_cpu='i686'
build_os='linux-gnu'
build_vendor='pc'
datadir='${datarootdir}'
datarootdir='${prefix}/share'
docdir='${datarootdir}/doc/${PACKAGE_TARNAME}'
dvidir='${docdir}'
exec_prefix='${prefix}'
host='i686-pc-linux-gnu'
host_alias=''
host_cpu='i686'
host_os='linux-gnu'
host_vendor='pc'
htmldir='${docdir}'
includedir='${prefix}/include'
infodir='${datarootdir}/info'
install_sh='/home/mariya/algorithmic-biology/assembler/src/libs/io_lib-1.12.5/install-sh'
libdir='${exec_prefix}/lib'
libexecdir='${exec_prefix}/libexec'
localedir='${datarootdir}/locale'
localstatedir='${prefix}/var'
mandir='${datarootdir}/man'
mkdir_p='mkdir -p --'
oldincludedir='/usr/include'
pdfdir='${docdir}'
prefix='/usr/local'
program_transform_name='s,x,x,'
psdir='${docdir}'
sbindir='${exec_prefix}/sbin'
sharedstatedir='${prefix}/com'
sysconfdir='${prefix}/etc'
target_alias=''

## ----------- ##
## confdefs.h. ##
## ----------- ##

#define PACKAGE_NAME "io_lib"
#define PACKAGE_TARNAME "io_lib"
#define PACKAGE_VERSION "1.12.5"
#define PACKAGE_STRING "io_lib 1.12.5"
#define PACKAGE_BUGREPORT ""
#define PACKAGE "io_lib"
#define VERSION "1.12.5"
#define STDC_HEADERS 1
#define HAVE_SYS_TYPES_H 1
#define HAVE_SYS_STAT_H 1
#define HAVE_STDLIB_H 1
#define HAVE_STRING_H 1
#define HAVE_MEMORY_H 1
#define HAVE_STRINGS_H 1
#define HAVE_INTTYPES_H 1
#define HAVE_STDINT_H 1
#define HAVE_UNISTD_H 1
#define HAVE_DLFCN_H 1
#define HAVE_ZLIB 1
#define HAVE_VA_COPY 1
#define STDC_HEADERS 1
#define HAVE_SYS_WAIT_H 1
#define HAVE_FCNTL_H 1
#define HAVE_LIMITS_H 1
#define HAVE_UNISTD_H 1
#define SIZEOF_SHORT 2
#define SIZEOF_INT 4
#define SIZEOF_LONG 4
#define _FILE_OFFSET_BITS 64
#define HAVE_FSEEKO 1
#define HAVE_STRDUP 1

configure: exit 0
